Build started 08/04/2016 19:44:31.
     1>Project "D:\all bout kuliah\Asistensi Dosen\PUPT Tahun 2 (2016)\Program\CitraDarah\CitraDarah\CitraDarah.vcxproj" on node 2 (Build target(s)).
     1>ClCompile:
         C:\Program Files (x86)\Microsoft Visual Studio 11.0\VC\bin\CL.exe /c /AI"C:\Program Files (x86)\Reference Assemblies\Microsoft\Framework\.NETFramework\v4.0" /AI"C:\Program Files (x86)\Windows Kits\8.0\References\CommonConfiguration\Neutral" /Zi /clr /nologo /W3 /WX- /Od /Oy- /D WIN32 /D _DEBUG /D _WINDOWS /D _UNICODE /D UNICODE /Gm- /EHa /MDd /GS /fp:precise /Zc:wchar_t /Zc:forScope /Fo"Debug\\" /Fd"Debug\vc110.pdb" /TP /FU"C:\Program Files (x86)\Reference Assemblies\Microsoft\Framework\.NETFramework\v4.0\mscorlib.dll" /FU"C:\Program Files (x86)\Reference Assemblies\Microsoft\Framework\.NETFramework\v4.0\System.Data.dll" /FU"C:\Program Files (x86)\Reference Assemblies\Microsoft\Framework\.NETFramework\v4.0\System.dll" /FU"C:\Program Files (x86)\Reference Assemblies\Microsoft\Framework\.NETFramework\v4.0\System.Drawing.dll" /FU"C:\Program Files (x86)\Reference Assemblies\Microsoft\Framework\.NETFramework\v4.0\System.Windows.Forms.dll" /FU"C:\Program Files (x86)\Reference Assemblies\Microsoft\Framework\.NETFramework\v4.0\System.Xml.dll" /analyze- /errorReport:prompt /clr:nostdlib MyForm.cpp
         MyForm.cpp
     1>d:\all bout kuliah\asistensi dosen\pupt tahun 2 (2016)\program\citradarah\citradarah\HeaderProgramLatih.h(36): warning C4244: 'return' : conversion from 'double' to 'float', possible loss of data
     1>d:\all bout kuliah\asistensi dosen\pupt tahun 2 (2016)\program\citradarah\citradarah\HeaderProgramLatih.h(50): warning C4244: 'argument' : conversion from 'float' to 'int', possible loss of data
     1>d:\all bout kuliah\asistensi dosen\pupt tahun 2 (2016)\program\citradarah\citradarah\HeaderProgramLatih.h(52): warning C4244: 'argument' : conversion from 'float' to 'int', possible loss of data
     1>d:\all bout kuliah\asistensi dosen\pupt tahun 2 (2016)\program\citradarah\citradarah\HeaderProgramLatih.h(84): warning C4244: '=' : conversion from 'int' to 'float', possible loss of data
     1>d:\all bout kuliah\asistensi dosen\pupt tahun 2 (2016)\program\citradarah\citradarah\MyForm.h(1309): warning C4244: '=' : conversion from 'int' to 'float', possible loss of data
     1>d:\all bout kuliah\asistensi dosen\pupt tahun 2 (2016)\program\citradarah\citradarah\MyForm.h(1310): warning C4244: '=' : conversion from 'int' to 'float', possible loss of data
     1>d:\all bout kuliah\asistensi dosen\pupt tahun 2 (2016)\program\citradarah\citradarah\MyForm.h(1311): warning C4244: '=' : conversion from 'int' to 'float', possible loss of data
     1>d:\all bout kuliah\asistensi dosen\pupt tahun 2 (2016)\program\citradarah\citradarah\MyForm.h(1312): warning C4244: '=' : conversion from 'int' to 'float', possible loss of data
     1>d:\all bout kuliah\asistensi dosen\pupt tahun 2 (2016)\program\citradarah\citradarah\MyForm.h(1313): warning C4244: '=' : conversion from 'int' to 'float', possible loss of data
     1>d:\all bout kuliah\asistensi dosen\pupt tahun 2 (2016)\program\citradarah\citradarah\MyForm.h(1314): warning C4244: '=' : conversion from 'int' to 'float', possible loss of data
     1>d:\all bout kuliah\asistensi dosen\pupt tahun 2 (2016)\program\citradarah\citradarah\MyForm.h(1315): warning C4244: '=' : conversion from 'int' to 'float', possible loss of data
     1>d:\all bout kuliah\asistensi dosen\pupt tahun 2 (2016)\program\citradarah\citradarah\MyForm.h(1316): warning C4244: '=' : conversion from 'int' to 'float', possible loss of data
     1>d:\all bout kuliah\asistensi dosen\pupt tahun 2 (2016)\program\citradarah\citradarah\MyForm.h(1321): warning C4244: '=' : conversion from 'double' to 'float', possible loss of data
     1>d:\all bout kuliah\asistensi dosen\pupt tahun 2 (2016)\program\citradarah\citradarah\MyForm.h(1322): warning C4244: '=' : conversion from 'int' to 'float', possible loss of data
     1>d:\all bout kuliah\asistensi dosen\pupt tahun 2 (2016)\program\citradarah\citradarah\MyForm.h(1323): warning C4244: '=' : conversion from 'double' to 'float', possible loss of data
     1>d:\all bout kuliah\asistensi dosen\pupt tahun 2 (2016)\program\citradarah\citradarah\MyForm.h(1324): warning C4244: '=' : conversion from 'double' to 'float', possible loss of data
     1>d:\all bout kuliah\asistensi dosen\pupt tahun 2 (2016)\program\citradarah\citradarah\MyForm.h(1325): warning C4244: '=' : conversion from 'double' to 'float', possible loss of data
     1>d:\all bout kuliah\asistensi dosen\pupt tahun 2 (2016)\program\citradarah\citradarah\MyForm.h(1326): warning C4244: '=' : conversion from 'double' to 'float', possible loss of data
     1>d:\all bout kuliah\asistensi dosen\pupt tahun 2 (2016)\program\citradarah\citradarah\MyForm.h(1327): warning C4244: '=' : conversion from 'int' to 'float', possible loss of data
     1>d:\all bout kuliah\asistensi dosen\pupt tahun 2 (2016)\program\citradarah\citradarah\MyForm.h(1328): warning C4244: '=' : conversion from 'double' to 'float', possible loss of data
     1>d:\all bout kuliah\asistensi dosen\pupt tahun 2 (2016)\program\citradarah\citradarah\MyForm.h(1329): warning C4244: '=' : conversion from 'double' to 'float', possible loss of data
     1>c:\opencv\build\include\opencv2\core\cvstd.hpp(592): warning C4793: 'cv::String::String' : function compiled as native :
         	Found an intrinsic not supported in managed code
     1>c:\opencv\build\include\opencv2\core\mat.inl.hpp(381): warning C4793: 'cv::Mat::Mat' : function compiled as native :
         	Found an intrinsic not supported in managed code
     1>c:\opencv\build\include\opencv2\core\mat.inl.hpp(666): warning C4793: 'cv::Mat::release' : function compiled as native :
         	Found an intrinsic not supported in managed code
     1>c:\opencv\build\include\opencv2\core\mat.inl.hpp(1703): warning C4793: 'cv::SparseMat::addref' : function compiled as native :
         	Found an intrinsic not supported in managed code
     1>c:\opencv\build\include\opencv2\core\mat.inl.hpp(3304): warning C4793: 'cv::UMat::addref' : function compiled as native :
         	Found an intrinsic not supported in managed code
     1>c:\opencv\build\include\opencv2\core\ptr.inl.hpp(67): warning C4793: 'cv::detail::PtrOwner::incRef' : function compiled as native :
         	Found an intrinsic not supported in managed code
     1>c:\opencv\build\include\opencv2\core\ptr.inl.hpp(72): warning C4793: 'cv::detail::PtrOwner::decRef' : function compiled as native :
         	Found an intrinsic not supported in managed code
     1>c:\opencv\build\include\opencv2\core\mat.inl.hpp(565): warning C4793: 'cv::Mat::operator=' : function compiled as native :
         	Found an intrinsic not supported in managed code
       Link:
         C:\Program Files (x86)\Microsoft Visual Studio 11.0\VC\bin\link.exe /ERRORREPORT:PROMPT /OUT:"D:\all bout kuliah\Asistensi Dosen\PUPT Tahun 2 (2016)\Program\CitraDarah\Debug\CitraDarah.exe" /INCREMENTAL /NOLOGO opencv_ts300d.lib opencv_world300d.lib kernel32.lib user32.lib gdi32.lib winspool.lib comdlg32.lib advapi32.lib shell32.lib ole32.lib oleaut32.lib uuid.lib odbc32.lib odbccp32.lib /ASSEMBLYRESOURCE:Debug\CitraDarah.MyForm.resources /MANIFEST /MANIFESTUAC:"level='asInvoker' uiAccess='false'" /manifest:embed /DEBUG /PDB:"D:\all bout kuliah\Asistensi Dosen\PUPT Tahun 2 (2016)\Program\CitraDarah\Debug\CitraDarah.pdb" /ASSEMBLYDEBUG /SUBSYSTEM:WINDOWS /TLBID:1 /ENTRY:"main" /DYNAMICBASE /FIXED:NO /NXCOMPAT /MACHINE:X86 Debug\MyForm.obj
         "Debug\.NETFramework,Version=v4.0.AssemblyAttributes.obj"
     1>MyForm.obj : warning LNK4248: unresolved typeref token (01000030) for 'CvFileStorage'; image may not run
     1>opencv_ts300d.lib(ts.obj) : warning LNK4099: PDB 'opencv_ts300d.pdb' was not found with 'opencv_ts300d.lib(ts.obj)' or at 'D:\all bout kuliah\Asistensi Dosen\PUPT Tahun 2 (2016)\Program\CitraDarah\Debug\opencv_ts300d.pdb'; linking object as if no debug info
     1>opencv_ts300d.lib(ts_gtest.obj) : warning LNK4099: PDB 'opencv_ts300d.pdb' was not found with 'opencv_ts300d.lib(ts_gtest.obj)' or at 'D:\all bout kuliah\Asistensi Dosen\PUPT Tahun 2 (2016)\Program\CitraDarah\Debug\opencv_ts300d.pdb'; linking object as if no debug info
     1>opencv_ts300d.lib(ts_perf.obj) : warning LNK4099: PDB 'opencv_ts300d.pdb' was not found with 'opencv_ts300d.lib(ts_perf.obj)' or at 'D:\all bout kuliah\Asistensi Dosen\PUPT Tahun 2 (2016)\Program\CitraDarah\Debug\opencv_ts300d.pdb'; linking object as if no debug info
     1>opencv_ts300d.lib(opencv_ts_pch.obj) : warning LNK4099: PDB 'opencv_ts300d.pdb' was not found with 'opencv_ts300d.lib(opencv_ts_pch.obj)' or at 'D:\all bout kuliah\Asistensi Dosen\PUPT Tahun 2 (2016)\Program\CitraDarah\Debug\opencv_ts300d.pdb'; linking object as if no debug info
         CitraDarah.vcxproj -> D:\all bout kuliah\Asistensi Dosen\PUPT Tahun 2 (2016)\Program\CitraDarah\Debug\CitraDarah.exe
     1>Done Building Project "D:\all bout kuliah\Asistensi Dosen\PUPT Tahun 2 (2016)\Program\CitraDarah\CitraDarah\CitraDarah.vcxproj" (Build target(s)).

Build succeeded.

Time Elapsed 00:00:05.66
